{"uid":"83f44fa0f8a3b6de","name":"testProduct","fullName":"com.lumatest.test.ProductPageTest.testProduct","historyId":"14b6c5c5cc77e70d8dace04ea03743ad","time":{"start":1718454216145,"stop":1718454216147,"duration":2},"status":"broken","statusMessage":"Cannot invoke \"org.openqa.selenium.WebDriver.get(String)\" because the return value of \"com.lumatest.test.ProductPageTest.getDriver()\" is null","statusTrace":"java.lang.NullPointerException: Cannot invoke \"org.openqa.selenium.WebDriver.get(String)\" because the return value of \"com.lumatest.test.ProductPageTest.getDriver()\" is null\n\tat com.lumatest.test.ProductPageTest.testProduct(ProductPageTest.java:16)\n\tat java.base/jdk.internal.reflect.NativeMethodAccessorImpl.invoke0(Native Method)\n\tat java.base/jdk.internal.reflect.NativeMethodAccessorImpl.invoke(NativeMethodAccessorImpl.java:77)\n\tat java.base/jdk.internal.reflect.DelegatingMethodAccessorImpl.invoke(DelegatingMethodAccessorImpl.java:43)\n\tat java.base/java.lang.reflect.Method.invoke(Method.java:568)\n\tat org.testng.internal.invokers.MethodInvocationHelper.invokeMethod(MethodInvocationHelper.java:141)\n\tat org.testng.internal.invokers.TestInvoker.invokeMethod(TestInvoker.java:686)\n\tat org.testng.internal.invokers.TestInvoker.invokeTestMethod(TestInvoker.java:230)\n\tat org.testng.internal.invokers.MethodRunner.runInSequence(MethodRunner.java:63)\n\tat org.testng.internal.invokers.TestInvoker$MethodInvocationAgent.invoke(TestInvoker.java:992)\n\tat org.testng.internal.invokers.TestInvoker.invokeTestMethods(TestInvoker.java:203)\n\tat org.testng.internal.invokers.TestMethodWorker.invokeTestMethods(TestMethodWorker.java:154)\n\tat org.testng.internal.invokers.TestMethodWorker.run(TestMethodWorker.java:134)\n\tat java.base/java.util.concurrent.Executors$RunnableAdapter.call(Executors.java:539)\n\tat java.base/java.util.concurrent.FutureTask.run(FutureTask.java:264)\n\tat org.testng.internal.thread.graph.TestNGFutureTask.run(TestNGFutureTask.java:22)\n\tat java.base/java.util.concurrent.ThreadPoolExecutor.runWorker(ThreadPoolExecutor.java:1136)\n\tat java.base/java.util.concurrent.ThreadPoolExecutor$Worker.run(ThreadPoolExecutor.java:635)\n\tat java.base/java.lang.Thread.run(Thread.java:840)\n","flaky":false,"newFailed":false,"newBroken":true,"newPassed":false,"retriesCount":2,"retriesStatusChange":false,"beforeStages":[{"name":"setup","time":{"start":1718454216093,"stop":1718454216143,"duration":50},"description":"","status":"passed","steps":[],"attachments":[],"parameters":[],"shouldDisplayMessage":false,"stepsCount":0,"attachmentsCount":0,"hasContent":false}],"testStage":{"status":"broken","statusMessage":"Cannot invoke \"org.openqa.selenium.WebDriver.get(String)\" because the return value of \"com.lumatest.test.ProductPageTest.getDriver()\" is null","statusTrace":"java.lang.NullPointerException: Cannot invoke \"org.openqa.selenium.WebDriver.get(String)\" because the return value of \"com.lumatest.test.ProductPageTest.getDriver()\" is null\n\tat com.lumatest.test.ProductPageTest.testProduct(ProductPageTest.java:16)\n\tat java.base/jdk.internal.reflect.NativeMethodAccessorImpl.invoke0(Native Method)\n\tat java.base/jdk.internal.reflect.NativeMethodAccessorImpl.invoke(NativeMethodAccessorImpl.java:77)\n\tat java.base/jdk.internal.reflect.DelegatingMethodAccessorImpl.invoke(DelegatingMethodAccessorImpl.java:43)\n\tat java.base/java.lang.reflect.Method.invoke(Method.java:568)\n\tat org.testng.internal.invokers.MethodInvocationHelper.invokeMethod(MethodInvocationHelper.java:141)\n\tat org.testng.internal.invokers.TestInvoker.invokeMethod(TestInvoker.java:686)\n\tat org.testng.internal.invokers.TestInvoker.invokeTestMethod(TestInvoker.java:230)\n\tat org.testng.internal.invokers.MethodRunner.runInSequence(MethodRunner.java:63)\n\tat org.testng.internal.invokers.TestInvoker$MethodInvocationAgent.invoke(TestInvoker.java:992)\n\tat org.testng.internal.invokers.TestInvoker.invokeTestMethods(TestInvoker.java:203)\n\tat org.testng.internal.invokers.TestMethodWorker.invokeTestMethods(TestMethodWorker.java:154)\n\tat org.testng.internal.invokers.TestMethodWorker.run(TestMethodWorker.java:134)\n\tat java.base/java.util.concurrent.Executors$RunnableAdapter.call(Executors.java:539)\n\tat java.base/java.util.concurrent.FutureTask.run(FutureTask.java:264)\n\tat org.testng.internal.thread.graph.TestNGFutureTask.run(TestNGFutureTask.java:22)\n\tat java.base/java.util.concurrent.ThreadPoolExecutor.runWorker(ThreadPoolExecutor.java:1136)\n\tat java.base/java.util.concurrent.ThreadPoolExecutor$Worker.run(ThreadPoolExecutor.java:635)\n\tat java.base/java.lang.Thread.run(Thread.java:840)\n","steps":[{"name":"Open Base URL.","time":{"start":1718454216145,"stop":1718454216145,"duration":0},"status":"passed","steps":[],"attachments":[],"parameters":[],"shouldDisplayMessage":false,"stepsCount":0,"attachmentsCount":0,"hasContent":false}],"attachments":[],"parameters":[],"shouldDisplayMessage":true,"stepsCount":1,"attachmentsCount":0,"hasContent":true},"afterStages":[{"name":"teardown","time":{"start":1718454216151,"stop":1718454216151,"duration":0},"description":"","status":"passed","steps":[],"attachments":[],"parameters":[],"shouldDisplayMessage":false,"stepsCount":0,"attachmentsCount":0,"hasContent":false}],"labels":[{"name":"package","value":"com.lumatest.test.ProductPageTest"},{"name":"testClass","value":"com.lumatest.test.ProductPageTest"},{"name":"testMethod","value":"testProduct"},{"name":"parentSuite","value":"CrossBrowser Test Suite"},{"name":"suite","value":"FirefoxTest"},{"name":"subSuite","value":"com.lumatest.test.ProductPageTest"},{"name":"host","value":"fv-az768-908"},{"name":"thread","value":"2936@fv-az768-908.TestNG-test-FirefoxTest-2(53)"},{"name":"framework","value":"testng"},{"name":"language","value":"java"},{"name":"resultFormat","value":"allure2"}],"parameters":[{"name":"browser","value":"firefox"}],"links":[],"hidden":false,"retry":false,"extra":{"severity":"normal","retries":[{"uid":"63e913fd4a45d22e","status":"broken","statusDetails":"Cannot invoke \"org.openqa.selenium.WebDriver.get(String)\" because the return value of \"com.lumatest.test.ProductPageTest.getDriver()\" is null","time":{"start":1718454196788,"stop":1718454196790,"duration":2}},{"uid":"b2389497375c7b20","status":"broken","statusDetails":"Cannot invoke \"org.openqa.selenium.WebDriver.get(String)\" because the return value of \"com.lumatest.test.ProductPageTest.getDriver()\" is null","time":{"start":1718454177078,"stop":1718454177082,"duration":4}}],"categories":[{"name":"Test defects","matchedStatuses":[],"flaky":false}],"history":{"statistic":{"failed":0,"broken":1,"skipped":0,"passed":5,"unknown":0,"total":6},"items":[{"uid":"25f901e1c02fe864","reportUrl":"https://WeraStremedlowska.github.io/LUMAJavaSeleniumTestNGAllure/50//#testresult/25f901e1c02fe864","status":"passed","time":{"start":1718453129881,"stop":1718453135617,"duration":5736}},{"uid":"9be996a181230606","reportUrl":"https://WeraStremedlowska.github.io/LUMAJavaSeleniumTestNGAllure/48//#testresult/9be996a181230606","status":"passed","time":{"start":1718445189236,"stop":1718445193290,"duration":4054}},{"uid":"ff6b7fdcb10dc24","reportUrl":"https://WeraStremedlowska.github.io/LUMAJavaSeleniumTestNGAllure/47//#testresult/ff6b7fdcb10dc24","status":"passed","time":{"start":1718443581834,"stop":1718443587138,"duration":5304}},{"uid":"8af2660982130c04","reportUrl":"https://WeraStremedlowska.github.io/LUMAJavaSeleniumTestNGAllure/45//#testresult/8af2660982130c04","status":"passed","time":{"start":1718436911475,"stop":1718436915791,"duration":4316}},{"uid":"f9f17cda448f9194","reportUrl":"https://WeraStremedlowska.github.io/LUMAJavaSeleniumTestNGAllure/39//#testresult/f9f17cda448f9194","status":"passed","time":{"start":1718434836794,"stop":1718434840964,"duration":4170}}]},"tags":[]},"source":"83f44fa0f8a3b6de.json","parameterValues":["firefox"]}